<?xml version="1.0" encoding="UTF-8"?>
<testng-results skipped="0" failed="0" total="1" passed="1">
  <reporter-output>
  </reporter-output>
  <suite name="Default suite" duration-ms="28101" started-at="2018-08-22T12:32:39Z" finished-at="2018-08-22T12:33:07Z">
    <groups>
    </groups>
    <test name="Default test" duration-ms="28101" started-at="2018-08-22T12:32:39Z" finished-at="2018-08-22T12:33:07Z">
      <class name="Scripts.AddProductSupplierFramework">
        <test-method status="PASS" signature="beforeTest()[pri:0, instance:Scripts.AddProductSupplierFramework@3c756e4d]" name="beforeTest" is-config="true" duration-ms="4570" started-at="2018-08-22T18:02:39Z" finished-at="2018-08-22T18:02:44Z">
          <reporter-output>
          </reporter-output>
        </test-method> <!-- beforeTest -->
        <test-method status="PASS" signature="f(java.lang.String, java.lang.String, java.lang.String, java.lang.String, java.lang.String, java.lang.String, java.lang.String, java.lang.String, java.lang.String, java.lang.String, java.lang.String, java.lang.String, java.lang.String, java.lang.String, java.lang.String, java.lang.String, java.lang.String, java.lang.String, java.lang.String, java.lang.String, java.lang.String, java.lang.String, java.lang.String, java.lang.String)[pri:0, instance:Scripts.AddProductSupplierFramework@3c756e4d]" name="f" duration-ms="22415" started-at="2018-08-22T18:02:44Z" data-provider="dp" finished-at="2018-08-22T18:03:06Z">
          <params>
            <param index="0">
              <value>
                <![CDATA[Spun Yarn]]>
              </value>
            </param>
            <param index="1">
              <value>
                <![CDATA[Cotton]]>
              </value>
            </param>
            <param index="2">
              <value>
                <![CDATA[Raw White]]>
              </value>
            </param>
            <param index="3">
              <value>
                <![CDATA[Domestic]]>
              </value>
            </param>
            <param index="4">
              <value>
                <![CDATA[India]]>
              </value>
            </param>
            <param index="5">
              <value>
                <![CDATA[Suvin]]>
              </value>
            </param>
            <param index="6">
              <value>
                <![CDATA[Carded]]>
              </value>
            </param>
            <param index="7">
              <value>
                <![CDATA[Weaving]]>
              </value>
            </param>
            <param index="8">
              <value>
                <![CDATA[Open End]]>
              </value>
            </param>
            <param index="9">
              <value>
                <![CDATA[1]]>
              </value>
            </param>
            <param index="10">
              <value>
                <![CDATA[5]]>
              </value>
            </param>
            <param index="11">
              <value>
                <![CDATA[a515315]]>
              </value>
            </param>
            <param index="12">
              <value>
                <![CDATA[0.1]]>
              </value>
            </param>
            <param index="13">
              <value>
                <![CDATA[2]]>
              </value>
            </param>
            <param index="14">
              <value>
                <![CDATA[1]]>
              </value>
            </param>
            <param index="15">
              <value>
                <![CDATA[10]]>
              </value>
            </param>
            <param index="16">
              <value>
                <![CDATA[10000]]>
              </value>
            </param>
            <param index="17">
              <value>
                <![CDATA[5%]]>
              </value>
            </param>
            <param index="18">
              <value>
                <![CDATA[2000]]>
              </value>
            </param>
            <param index="19">
              <value>
                <![CDATA[Delhi]]>
              </value>
            </param>
            <param index="20">
              <value>
                <![CDATA[10]]>
              </value>
            </param>
            <param index="21">
              <value>
                <![CDATA[500]]>
              </value>
            </param>
            <param index="22">
              <value>
                <![CDATA[Ready]]>
              </value>
            </param>
            <param index="23">
              <value>
                <![CDATA[Yes]]>
              </value>
            </param>
          </params>
          <reporter-output>
          </reporter-output>
        </test-method> <!-- f -->
        <test-method status="PASS" signature="tearDown()[pri:0, instance:Scripts.AddProductSupplierFramework@3c756e4d]" name="tearDown" is-config="true" duration-ms="929" started-at="2018-08-22T18:03:06Z" finished-at="2018-08-22T18:03:07Z">
          <reporter-output>
          </reporter-output>
        </test-method> <!-- tearDown -->
      </class> <!-- Scripts.AddProductSupplierFramework -->
    </test> <!-- Default test -->
  </suite> <!-- Default suite -->
</testng-results>
